<?xml version="1.0" encoding="UTF-8" ?>
<testsuite tests="2" failures="1" name="TestSuite" time="15.025" errors="0" skipped="0">
  <properties>
    <property name="idea.version" value="2021.2.3"/>
    <property name="java.runtime.name" value="OpenJDK Runtime Environment"/>
    <property name="java.vm.version" value="17.0.1+12-39"/>
    <property name="sun.boot.library.path" value="/Users/otupikov/Library/Java/JavaVirtualMachines/openjdk-17.0.1/Contents/Home/lib"/>
    <property name="maven.multiModuleProjectDirectory" value="/Users/otupikov/Desktop/automationHillel/myautomation"/>
    <property name="java.vm.vendor" value="Oracle Corporation"/>
    <property name="java.vendor.url" value="https://java.oracle.com/"/>
    <property name="guice.disable.misplaced.annotation.check" value="true"/>
    <property name="path.separator" value=":"/>
    <property name="java.vm.name" value="OpenJDK 64-Bit Server VM"/>
    <property name="user.country" value="GB"/>
    <property name="sun.java.launcher" value="SUN_STANDARD"/>
    <property name="java.vm.specification.name" value="Java Virtual Machine Specification"/>
    <property name="user.dir" value="/Users/otupikov/Desktop/automationHillel/myautomation"/>
    <property name="java.vm.compressedOopsMode" value="Zero based"/>
    <property name="java.runtime.version" value="17.0.1+12-39"/>
    <property name="os.arch" value="x86_64"/>
    <property name="java.io.tmpdir" value="/var/folders/0b/yl1xgjys6_x6g9tr754n71ww0000gn/T/"/>
    <property name="line.separator" value="
"/>
    <property name="java.vm.specification.vendor" value="Oracle Corporation"/>
    <property name="os.name" value="Mac OS X"/>
    <property name="maven.ext.class.path" value="/Applications/IntelliJ IDEA CE.app/Contents/plugins/maven/lib/maven-event-listener.jar"/>
    <property name="classworlds.conf" value="/Applications/IntelliJ IDEA CE.app/Contents/plugins/maven/lib/maven3/bin/m2.conf"/>
    <property name="sun.jnu.encoding" value="UTF-8"/>
    <property name="java.library.path" value="/Users/otupikov/Library/Java/Extensions:/Library/Java/Extensions:/Network/Library/Java/Extensions:/System/Library/Java/Extensions:/usr/lib/java:."/>
    <property name="maven.conf" value="/Applications/IntelliJ IDEA CE.app/Contents/plugins/maven/lib/maven3/conf"/>
    <property name="jdk.debug" value="release"/>
    <property name="java.class.version" value="61.0"/>
    <property name="java.specification.name" value="Java Platform API Specification"/>
    <property name="sun.management.compiler" value="HotSpot 64-Bit Tiered Compilers"/>
    <property name="os.version" value="12.1"/>
    <property name="http.nonProxyHosts" value="local|*.local|169.254/16|*.169.254/16"/>
    <property name="user.home" value="/Users/otupikov"/>
    <property name="user.timezone" value="Europe/Kiev"/>
    <property name="file.encoding" value="UTF-8"/>
    <property name="java.specification.version" value="17"/>
    <property name="user.name" value="otupikov"/>
    <property name="java.class.path" value="/Applications/IntelliJ IDEA CE.app/Contents/plugins/maven/lib/maven3/boot/plexus-classworlds.license:/Applications/IntelliJ IDEA CE.app/Contents/plugins/maven/lib/maven3/boot/plexus-classworlds-2.6.0.jar"/>
    <property name="java.vm.specification.version" value="17"/>
    <property name="sun.arch.data.model" value="64"/>
    <property name="sun.java.command" value="org.codehaus.classworlds.Launcher -Didea.version=2021.2.3 install"/>
    <property name="java.home" value="/Users/otupikov/Library/Java/JavaVirtualMachines/openjdk-17.0.1/Contents/Home"/>
    <property name="user.language" value="en"/>
    <property name="java.specification.vendor" value="Oracle Corporation"/>
    <property name="java.vm.info" value="mixed mode, sharing"/>
    <property name="java.version" value="17.0.1"/>
    <property name="native.encoding" value="UTF-8"/>
    <property name="java.vendor" value="Oracle Corporation"/>
    <property name="maven.home" value="/Applications/IntelliJ IDEA CE.app/Contents/plugins/maven/lib/maven3"/>
    <property name="file.separator" value="/"/>
    <property name="java.version.date" value="2021-10-19"/>
    <property name="java.vendor.url.bug" value="https://bugreport.java.com/bugreport/"/>
    <property name="sun.io.unicode.encoding" value="UnicodeBig"/>
    <property name="sun.cpu.endian" value="little"/>
    <property name="socksNonProxyHosts" value="local|*.local|169.254/16|*.169.254/16"/>
    <property name="ftp.nonProxyHosts" value="local|*.local|169.254/16|*.169.254/16"/>
  </properties>
  <testcase classname="leafground.LeafGroundTest" name="WaitUntilElementDisappear" time="2.211"/>
  <testcase classname="ukrnet.UkrNetTest" name="sendEmailToMailinatorTest" time="12.814">
    <failure message="no such window: window was already closed
  (Session info: chrome=102.0.5005.115)
Build info: version: &apos;4.1.3&apos;, revision: &apos;7b1ebf28ef&apos;
System info: host: &apos;MacBook-Pro.local&apos;, ip: &apos;fe80:0:0:0:c59:6de9:d442:76ce%en0&apos;, os.name: &apos;Mac OS X&apos;, os.arch: &apos;x86_64&apos;, os.version: &apos;12.1&apos;, java.version: &apos;17.0.1&apos;
Driver info: org.openqa.selenium.chrome.ChromeDriver
Command: [dbc538391b7c4bb813f75d92df6e9f45, sendKeysToElement {id=f4f86ed2-cebe-4921-b446-d06e2416663f, value=[Ljava.lang.CharSequence;@54da32dc}]
Capabilities {acceptInsecureCerts: false, browserName: chrome, browserVersion: 102.0.5005.115, chrome: {chromedriverVersion: 102.0.5005.61 (0e59bcc00cc4..., userDataDir: /var/folders/0b/yl1xgjys6_x...}, goog:chromeOptions: {debuggerAddress: localhost:58667}, javascriptEnabled: true, networkConnectionEnabled: false, pageLoadStrategy: normal, platform: MAC, platformName: MAC, proxy: Proxy(), se:cdp: ws://localhost:58667/devtoo..., se:cdpVersion: 102.0.5005.115, setWindowRect: true, strictFileInteractability: false, timeouts: {implicit: 0, pageLoad: 300000, script: 30000}, unhandledPromptBehavior: dismiss and notify, webauthn:extension:credBlob: true, webauthn:extension:largeBlob: true, webauthn:virtualAuthenticators: true}
Element: [[ChromeDriver: chrome on MAC (dbc538391b7c4bb813f75d92df6e9f45)] -&gt; name: toFieldInput]
Session ID: dbc538391b7c4bb813f75d92df6e9f45" type="org.openqa.selenium.NoSuchWindowException">org.openqa.selenium.NoSuchWindowException: no such window: window was already closed
  (Session info: chrome=102.0.5005.115)
Build info: version: &apos;4.1.3&apos;, revision: &apos;7b1ebf28ef&apos;
System info: host: &apos;MacBook-Pro.local&apos;, ip: &apos;fe80:0:0:0:c59:6de9:d442:76ce%en0&apos;, os.name: &apos;Mac OS X&apos;, os.arch: &apos;x86_64&apos;, os.version: &apos;12.1&apos;, java.version: &apos;17.0.1&apos;
Driver info: org.openqa.selenium.chrome.ChromeDriver
Command: [dbc538391b7c4bb813f75d92df6e9f45, sendKeysToElement {id=f4f86ed2-cebe-4921-b446-d06e2416663f, value=[Ljava.lang.CharSequence;@54da32dc}]
Capabilities {acceptInsecureCerts: false, browserName: chrome, browserVersion: 102.0.5005.115, chrome: {chromedriverVersion: 102.0.5005.61 (0e59bcc00cc4..., userDataDir: /var/folders/0b/yl1xgjys6_x...}, goog:chromeOptions: {debuggerAddress: localhost:58667}, javascriptEnabled: true, networkConnectionEnabled: false, pageLoadStrategy: normal, platform: MAC, platformName: MAC, proxy: Proxy(), se:cdp: ws://localhost:58667/devtoo..., se:cdpVersion: 102.0.5005.115, setWindowRect: true, strictFileInteractability: false, timeouts: {implicit: 0, pageLoad: 300000, script: 30000}, unhandledPromptBehavior: dismiss and notify, webauthn:extension:credBlob: true, webauthn:extension:largeBlob: true, webauthn:virtualAuthenticators: true}
Element: [[ChromeDriver: chrome on MAC (dbc538391b7c4bb813f75d92df6e9f45)] -&gt; name: toFieldInput]
Session ID: dbc538391b7c4bb813f75d92df6e9f45
	at java.base/jdk.internal.reflect.NativeConstructorAccessorImpl.newInstance0(Native Method)
	at java.base/jdk.internal.reflect.NativeConstructorAccessorImpl.newInstance(NativeConstructorAccessorImpl.java:77)
	at java.base/jdk.internal.reflect.DelegatingConstructorAccessorImpl.newInstance(DelegatingConstructorAccessorImpl.java:45)
	at java.base/java.lang.reflect.Constructor.newInstanceWithCaller(Constructor.java:499)
	at java.base/java.lang.reflect.Constructor.newInstance(Constructor.java:480)
	at org.openqa.selenium.remote.codec.w3c.W3CHttpResponseCodec.createException(W3CHttpResponseCodec.java:200)
	at org.openqa.selenium.remote.codec.w3c.W3CHttpResponseCodec.decode(W3CHttpResponseCodec.java:133)
	at org.openqa.selenium.remote.codec.w3c.W3CHttpResponseCodec.decode(W3CHttpResponseCodec.java:53)
	at org.openqa.selenium.remote.HttpCommandExecutor.execute(HttpCommandExecutor.java:184)
	at org.openqa.selenium.remote.service.DriverCommandExecutor.invokeExecute(DriverCommandExecutor.java:167)
	at org.openqa.selenium.remote.service.DriverCommandExecutor.execute(DriverCommandExecutor.java:142)
	at org.openqa.selenium.remote.RemoteWebDriver.execute(RemoteWebDriver.java:567)
	at org.openqa.selenium.remote.RemoteWebElement.execute(RemoteWebElement.java:251)
	at org.openqa.selenium.remote.RemoteWebElement.sendKeys(RemoteWebElement.java:107)
	at pages.HomePage.writeLetter(HomePage.java:32)
	at ukrnet.UkrNetTest.sendEmailToMailinatorTest(UkrNetTest.java:39)
</failure>
    <system-err>Starting ChromeDriver 102.0.5005.61 (0e59bcc00cc4985ce39ad31c150065f159d95ad3-refs/branch-heads/5005@{#819}) on port 54936
Only local connections are allowed.
Please see https://chromedriver.chromium.org/security-considerations for suggestions on keeping ChromeDriver safe.
ChromeDriver was started successfully.
Jun 23, 2022 11:34:48 AM org.openqa.selenium.remote.ProtocolHandshake createSession
INFO: Detected dialect: W3C
Jun 23, 2022 11:34:48 AM org.openqa.selenium.devtools.CdpVersionFinder findNearestMatch
WARNING: Unable to find an exact match for CDP version 102, so returning the closest version found: 99
Jun 23, 2022 11:34:48 AM org.openqa.selenium.devtools.CdpVersionFinder findNearestMatch
INFO: Found CDP implementation for version 102 of 99
</system-err>
  </testcase>
</testsuite>