<?xml version="1.0" encoding="UTF-8"?>
<!-- Generated by org.testng.reporters.JUnitReportReporter -->
<testsuite hostname="MacBook-Pro.local" failures="0" tests="1" name="leafground.LeafGroundTest" time="2.209" errors="0" timestamp="2022-06-23T11:35:02 EEST" skipped="0">
  <testcase classname="leafground.LeafGroundTest" name="WaitUntilElementDisappear" time="2.209"/>
  <system-out/>
</testsuite> <!-- leafground.LeafGroundTest -->
