<?xml version="1.0" encoding="UTF-8"?>
<!-- Generated by org.testng.reporters.JUnitReportReporter -->
<testsuite hostname="MacBook-Pro.local" failures="0" tests="1" name="selenidehomework.SearchSelenideTest" time="2.451" errors="0" timestamp="2022-07-07T10:40:51 EEST" skipped="0">
  <testcase classname="selenidehomework.SearchSelenideTest" name="SearchSelenideInGoogle" time="2.451"/>
  <system-out/>
</testsuite> <!-- selenidehomework.SearchSelenideTest -->
