<?xml version="1.0" encoding="UTF-8"?>
<!-- Generated by org.testng.reporters.JUnitReportReporter -->
<testsuite hostname="MacBook-Pro.local" failures="0" tests="4" name="CheckBoxTest" time="0.389" errors="0" timestamp="2022-06-15T13:33:20 EEST" skipped="0">
  <testcase classname="CheckBoxTest" name="checkConfirmSeleniumIsCheckedCheckboxTest" time="0.025"/>
  <system-out/>
  <testcase classname="CheckBoxTest" name="checkDeselectOnlyCheckedCheckboxTest" time="0.096"/>
  <system-out/>
  <testcase classname="CheckBoxTest" name="selectAllBelowCheckboxesTest" time="0.229"/>
  <system-out/>
  <testcase classname="CheckBoxTest" name="selectLanguageBlockCheckboxTest" time="0.039"/>
  <system-out/>
</testsuite> <!-- CheckBoxTest -->
