<?xml version="1.0" encoding="UTF-8"?>
<!-- Generated by org.testng.reporters.JUnitReportReporter -->
<testsuite hostname="MacBook-Pro.local" failures="0" tests="1" name="ukrnet.UkrNetTest" time="30.492" errors="0" timestamp="2022-06-15T13:33:20 EEST" skipped="0">
  <testcase classname="ukrnet.UkrNetTest" name="sendEmailToMailinatorTest" time="30.492"/>
  <system-out/>
</testsuite> <!-- ukrnet.UkrNetTest -->
